<?xml version="1.0" encoding="utf-8"?><testsuites name="pytest tests"><testsuite name="pytest" errors="0" failures="0" skipped="0" tests="9" time="1.095" timestamp="2026-08-09T18:44:14.737503+00:00" hostname="agent-env-566e5b9a-2b16-492c-b053-739c09f0b90c"><testcase classname="tests.backend_test.TestNewsletter" name="test_subscribe_valid_email" time="0.315" /><testcase classname="tests.backend_test.TestPosts" name="test_get_all_posts" time="0.259" /><testcase classname="tests.backend_test.TestPosts" name="test_filter_by_category_arta" time="0.049" /><testcase classname="tests.backend_test.TestPosts" name="test_filter_toate_returns_all" time="0.050" /><testcase classname="tests.backend_test.TestNewsletter" name="test_subscribe_invalid_email" time="0.089" /><testcase classname="tests.backend_test.TestPosts" name="test_featured_filter" time="0.049" /><testcase classname="tests.backend_test.TestCategories" name="test_get_categories" time="0.084" /><testcase classname="tests.backend_test.TestPosts" name="test_get_post_by_slug" time="0.052" /><testcase classname="tests.backend_test.TestPosts" name="test_get_post_unknown_slug_404" time="0.095" /></testsuite></testsuites>